4.959506827201266566e-01
4.940594473576974677e-01
4.946043087592512100e-01
5.066293412938497331e-01
5.078037298677591238e-01
4.958467878194977585e-01
4.909098199171647581e-01
4.841922362744445207e-01
4.562663462481023613e-01
4.199387298363707055e-01
3.996004918867307465e-01
3.701203861863664457e-01
3.407386069986434451e-01
3.312168911104619862e-01
3.569954930686611849e-01
3.607498629313089511e-01
3.634933704377407149e-01
3.740431159616642298e-01
3.624508921370150349e-01
3.689730632355149309e-01
3.607879492610124861e-01
3.473007451815597890e-01
3.370848082594672945e-01
3.258208379313924929e-01
3.032026743621670239e-01
2.729334734744633950e-01
2.470833422551572123e-01
2.418222439027618020e-01
2.072338020685225435e-01
1.840045614148110575e-01
4.621285742749474124e-01
4.905073410194140116e-01
5.031517893724184454e-01
4.951970551069769799e-01
4.930766577114270022e-01
4.858140237237711379e-01
4.888574371495196802e-01
4.795026738481146245e-01
4.607546489495616404e-01
4.367816552881399472e-01
4.205465987176270626e-01
3.974743330696851595e-01
3.589579860937834876e-01
3.390786074535271921e-01
3.590049057152720491e-01
3.653446356975702525e-01
3.720418789339859367e-01
3.630010212780754308e-01
3.571556780653856733e-01
3.599200168264233279e-01
3.516449462481824884e-01
3.286636422056463114e-01
3.298958668831729613e-01
3.228774125751756596e-01
2.940380031079408707e-01
2.751855170145987572e-01
2.646841756409081814e-01
2.575826148969128648e-01
2.371239711404517225e-01
2.128670033812150308e-01
4.548646623348003293e-01
4.732055380620951435e-01
4.877283710158877295e-01
4.731538559066323368e-01
4.756362548025158676e-01
4.839091356414818024e-01
4.878881055035905745e-01
4.763818160065783625e-01
4.632276130089488242e-01
4.487324338429538040e-01
4.349385464700206705e-01
4.088299472790332678e-01
3.828107738416972605e-01
3.658968773625979054e-01
3.656293899319729701e-01
3.778447656617823780e-01
3.752229000352595989e-01
3.591917080683185715e-01
3.471848775383620800e-01
3.407479761683237518e-01
3.401895188905543210e-01
3.140188855469210893e-01
3.334848470488691041e-01
3.252813937502304076e-01
3.029879042618078278e-01
2.822930553057502734e-01
2.650832242969883290e-01
2.581510404314132923e-01
2.486197790241610750e-01
2.460846236197008208e-01
4.709261483318763486e-01
4.667088035676238422e-01
4.568628622382418514e-01
4.409781099210992594e-01
4.612883136296108688e-01
4.764838383155803880e-01
4.687731388383220565e-01
4.713526337467932592e-01
4.691371811115100932e-01
4.732070171251427371e-01
4.477279928925526065e-01
4.201670715087545971e-01
3.918111783146710492e-01
3.783404013815162004e-01
3.906638662915806193e-01
3.971644763212043294e-01
3.781746338132561114e-01
3.541401888176097246e-01
3.378795638955074399e-01
3.220167619125293146e-01
3.308875018057987338e-01
3.344663977326202686e-01
3.269870608688844049e-01
2.977958466662964376e-01
2.831573439628601863e-01
2.857474999093190804e-01
2.783949979557089338e-01
2.549342939650006135e-01
2.500979555103736152e-01
2.535806028747492613e-01
4.712674459345125300e-01
4.614798907247634752e-01
4.627593423203907319e-01
4.601959892590451462e-01
4.521637755069058406e-01
4.589200693249880780e-01
4.633872473889947829e-01
4.583897440797126133e-01
4.806124992381096694e-01
4.897924270714570372e-01
4.756311784127186248e-01
4.426328862827758059e-01
4.210035537083839374e-01
4.142051938937181821e-01
4.190268522992463551e-01
4.062967643168468590e-01
3.745615116397178479e-01
3.496961603027616827e-01
3.260847957022349752e-01
3.079612517433562568e-01
3.248799567344735628e-01
3.320503324503281117e-01
3.111551056485951094e-01
2.964576264597355015e-01
2.697029407860915828e-01
2.897176545231454070e-01
2.774085209391392026e-01
2.539613530043531853e-01
2.545129329893225933e-01
2.520133740743452089e-01
4.617850394844647544e-01
4.840025547570119269e-01
4.875243920281701615e-01
4.860085673640209825e-01
4.741779451297698511e-01
4.623721276006003134e-01
4.327083871481260946e-01
4.510370369251179845e-01
4.525485401449206857e-01
4.972494911191323030e-01
4.956098034040203326e-01
4.928347432103312165e-01
4.746648589359017123e-01
4.518567681471165609e-01
4.421878761701872884e-01
4.211916277428894850e-01
3.959716462534820791e-01
3.606268646612468820e-01
3.366014460165794309e-01
3.127341793359128541e-01
2.941503959593163020e-01
2.975597847192643086e-01
2.952644426644201459e-01
2.880770007880205652e-01
2.731020099439149251e-01
2.739999220286389869e-01
2.763700362638767949e-01
2.471547193535906239e-01
2.547487897272061041e-01
2.460592888397049316e-01
4.567392648238832176e-01
4.879467567140317041e-01
4.935137967490350053e-01
4.991582190877759118e-01
4.932759792198141424e-01
4.604494725257430865e-01
4.287950186201453517e-01
4.465044158101529326e-01
4.592995569272286804e-01
4.985601211853104009e-01
5.153535342140709297e-01
5.034330087379733643e-01
5.087740378609492131e-01
5.008325648451966705e-01
4.797958044894147234e-01
4.318365674161688816e-01
3.873702842506517863e-01
3.690558276396939674e-01
3.427671579558277393e-01
3.037285513699756745e-01
2.837536320513717181e-01
2.896999447937737560e-01
2.647237149403749989e-01
2.626458291770680242e-01
2.765444929724859557e-01
2.778318875202931415e-01
2.626962115668033948e-01
2.562850907477862705e-01
2.433830617124042861e-01
2.348788992602816317e-01
4.732460992451847370e-01
4.961504799206712391e-01
4.942127569683568700e-01
4.950365101601842954e-01
4.857511830359839688e-01
4.728507884540585349e-01
4.605301577367093002e-01
4.686659079108349002e-01
4.778501369361347617e-01
5.045993843223293140e-01
5.242796446039417191e-01
5.210868516661586458e-01
5.205079093709212845e-01
5.137652969794079816e-01
4.976530428795516992e-01
4.530663650210388083e-01
4.018244823784171138e-01
3.932228619447793450e-01
3.555116354257704669e-01
3.284415144591081859e-01
3.016810284716854862e-01
2.845013417950725820e-01
2.752088732363525136e-01
2.615549716196481356e-01
2.620934182965063974e-01
2.725436710492338821e-01
2.604166169490090277e-01
2.582434651994813257e-01
2.360588775474593559e-01
2.233643706576962373e-01
5.005970672106316854e-01
4.957613958577040125e-01
4.961980581503215304e-01
4.899757473970806632e-01
4.969874184092332170e-01
4.942247751181464421e-01
4.936665924797450922e-01
5.049275196629783302e-01
5.236209746143390964e-01
5.242604760731165436e-01
5.273084989483007856e-01
5.319679609258812780e-01
5.480472887255255499e-01
5.253204889947049594e-01
5.163068767051246510e-01
4.816611370934095748e-01
4.141843860945257361e-01
4.146001983042384986e-01
3.852897560692268297e-01
3.367545713565491816e-01
3.305777700077279779e-01
3.104260684809663218e-01
2.967960633161561557e-01
2.830461114738607731e-01
2.801310361026368434e-01
2.597678666962762173e-01
2.567820422613478204e-01
2.543945840261472857e-01
2.163452255013742220e-01
2.036916067236399785e-01
5.072145451900699209e-01
5.073511529543253129e-01
5.092513161696957669e-01
5.171170284449717602e-01
5.154142052365476845e-01
5.225358504468446963e-01
5.225671818349097997e-01
5.404756246850951351e-01
5.398353188144722203e-01
5.330118547814226559e-01
5.426548950511445035e-01
5.591859363616282774e-01
5.610335137614895773e-01
5.512381457648640737e-01
5.272093267333702871e-01
5.006672480500388156e-01
4.544853792386887026e-01
4.352543035857486253e-01
4.097638438966397234e-01
3.716399312753949080e-01
3.330947259443156616e-01
3.116593302085517991e-01
2.881183141120594038e-01
2.750855721146062138e-01
2.673373903093008153e-01
2.596717503676176375e-01
2.485965919562442838e-01
2.319630482525823767e-01
2.164363010967130241e-01
2.122889903265557654e-01
5.010413757475208341e-01
5.179159340218411067e-01
5.314429932713143900e-01
5.346527062991756063e-01
5.348160657875770108e-01
5.499586601006145603e-01
5.595234523013616901e-01
5.738699866437660946e-01
5.700335443260854396e-01
5.670466768354579523e-01
5.775902416159778285e-01
5.860181167457925167e-01
5.834294278157057256e-01
5.826285096144049325e-01
5.629270567024327043e-01
5.222442272425499299e-01
4.794288217101765892e-01
4.592186877528587341e-01
4.268503573557870800e-01
3.748520267011053453e-01
3.455482049936568489e-01
3.215313945273689522e-01
2.998955682327184014e-01
2.814276619165321791e-01
2.758428174331890026e-01
2.652224674594623188e-01
2.430104466224475568e-01
2.308007808944899375e-01
2.205810153927622308e-01
2.178049804460461258e-01
5.112114759292109012e-01
5.424715273812630301e-01
5.687805402855643511e-01
5.769827890409591209e-01
5.613895430494396654e-01
5.651522368031980381e-01
5.754088322368580144e-01
5.898667024349384391e-01
5.929881824477026830e-01
5.861759893772032770e-01
5.986363422686630242e-01
6.131904885433246966e-01
6.123214095662776746e-01
6.022492878773726410e-01
5.675198625438550026e-01
5.279975875570679378e-01
5.007523614748236040e-01
4.579894475668023768e-01
4.274479752777711195e-01
3.831683944050211510e-01
3.534880181824012202e-01
3.238559049184519534e-01
3.124968572992842808e-01
2.912495016238290657e-01
2.711777570176256424e-01
2.734575778174033189e-01
2.465296627139444141e-01
2.329651769947143347e-01
2.271322891065541694e-01
2.253899949365005817e-01
5.355396659334975551e-01
5.720315047968914657e-01
5.880676808222005114e-01
5.859061580848663464e-01
5.978060313228693579e-01
5.968844602070133565e-01
6.043130669423594226e-01
6.119777815504380269e-01
6.178957690443624973e-01
6.047745172709522166e-01
6.128007037868115070e-01
6.219538122006152969e-01
6.281558991601746689e-01
6.119339463558008951e-01
5.867191092057225665e-01
5.408857711293934001e-01
5.199974529798659928e-01
4.832313257243887605e-01
4.381921375489463699e-01
3.966130833139763778e-01
3.725419494803449139e-01
3.431810194163191219e-01
3.373640273056147665e-01
2.966883998762803731e-01
2.833722690051340143e-01
2.699441632078330988e-01
2.553888377802487897e-01
2.660872072931049215e-01
2.501907519632710630e-01
2.464489625957302088e-01
5.875291596741618605e-01
6.016306473468172600e-01
6.074675697021516552e-01
5.935760490001551481e-01
6.130759848842886051e-01
6.165464871761464627e-01
6.437316319036652246e-01
6.575945394883790929e-01
6.530663580212192620e-01
6.251363368860038960e-01
6.263405891715926321e-01
6.369507554240695368e-01
6.371701983076893949e-01
6.314026811626873847e-01
5.981748047190154072e-01
5.606311421728868982e-01
5.465189483321667430e-01
4.988593953085490029e-01
4.452822738733079322e-01
3.955781462510002955e-01
3.849744831728111882e-01
3.820972865830485898e-01
3.559245072843264523e-01
3.245853418761194820e-01
3.087294358312410170e-01
2.844225394299678689e-01
2.863175735935919453e-01
3.047370360557008495e-01
2.946229637558792080e-01
2.722461582093526622e-01
5.585844712390958255e-01
5.891280861986559758e-01
6.020564514981233684e-01
6.074036278338974526e-01
6.275014761499752014e-01
6.339205224217981938e-01
6.496153826384037933e-01
6.559654503957381699e-01
6.484343749860560502e-01
6.445110458212912619e-01
6.401104827922764473e-01
6.438255160097937635e-01
6.462470557436380547e-01
6.374029614630513096e-01
6.127798176671418462e-01
5.956028403766002732e-01
5.785234559266835275e-01
5.329471596216142082e-01
4.703931347928804740e-01
4.406197198020929684e-01
4.257088952505476143e-01
4.151239944133194859e-01
3.862969371342006575e-01
3.636990403888779033e-01
3.384908978349571718e-01
3.334169213765973971e-01
3.371279686480728177e-01
3.335400708137537529e-01
3.319558398293480650e-01
3.279828982145928107e-01
5.550294132694537641e-01
5.888102845982084999e-01
6.215336351265582371e-01
6.358823696179763951e-01
6.490401805138883429e-01
6.523911626687396437e-01
6.541225351177502034e-01
6.465330539892512052e-01
6.579257752873853837e-01
6.454412340775822488e-01
6.567427010922691766e-01
6.610195853069452676e-01
6.698105016244663146e-01
6.526576573278041193e-01
6.388207192639303589e-01
6.139213965508608650e-01
6.004863635639530184e-01
5.518520061739768945e-01
4.993573176283373494e-01
4.873179845983945935e-01
4.616236996149704619e-01
4.518797531290288938e-01
4.235405305787918739e-01
3.985881624450938743e-01
3.775920604457480567e-01
3.684964527145192514e-01
3.709074933330915869e-01
3.835846061495647996e-01
3.676736805491317428e-01
3.580878189940980838e-01
5.638189958990523776e-01
6.041813931761326195e-01
6.367988155882718937e-01
6.649429750641260295e-01
6.748823794798207709e-01
6.779403586144084892e-01
6.533385930549320264e-01
6.532558794862504126e-01
6.423012904430859260e-01
6.613761844399566048e-01
6.666267040286515400e-01
6.856706841236458461e-01
6.898993611563212225e-01
7.036616887119275798e-01
6.657702055202953106e-01
6.448382265959271553e-01
6.353516510730147226e-01
5.812400502424130977e-01
5.335982396613389023e-01
5.092910319318503243e-01
4.842780916828546278e-01
4.817070080624729633e-01
4.625889355680619097e-01
4.338536669694180170e-01
4.124761970357054830e-01
4.142311715942427752e-01
4.045452412735788816e-01
4.150989718065870582e-01
3.986950805445863555e-01
3.789615014026707640e-01
5.785423703174318311e-01
6.178761776324742661e-01
6.460738137793557989e-01
6.725238706153920942e-01
6.879537244067918111e-01
6.919859380146208272e-01
6.797803478092298013e-01
6.640077405038801173e-01
6.623746443785627491e-01
6.707016270416910064e-01
6.870508229076287554e-01
6.934204662511798123e-01
7.071630163768578559e-01
7.217002498455206139e-01
7.058315400913631743e-01
6.808813458844049649e-01
6.494718806449105708e-01
6.087799638729345375e-01
5.752264551521012459e-01
5.341755405433610271e-01
5.326491331080004388e-01
5.173154414417255875e-01
4.898863580545930740e-01
4.679290990111402149e-01
4.600523621365699145e-01
4.555789928182929494e-01
4.443777608127349454e-01
4.415925081311296019e-01
4.326918876407467862e-01
4.018705626657675389e-01
5.903356002090102139e-01
6.246757327958998296e-01
6.570866037887904687e-01
6.741494399771211787e-01
6.742314225517708204e-01
6.859241683389408761e-01
6.862456952742814753e-01
6.640456357060684489e-01
6.495008111210653912e-01
6.594773543373846358e-01
6.715655589583292562e-01
6.938070978822963308e-01
7.060757877893767409e-01
7.148956435885676086e-01
7.195838579050758410e-01
6.846130564835080090e-01
6.604530835576363224e-01
6.421499684750389125e-01
6.093963821514905010e-01
5.792567957502079423e-01
5.645392126179488157e-01
5.554740619756717290e-01
5.212755549182438441e-01
4.988633278823808581e-01
5.011180654091140774e-01
4.979120542818796236e-01
4.961042853775541328e-01
4.830524172829621099e-01
4.543278845495643536e-01
4.343051219315267608e-01
5.965010043299909803e-01
6.312573199693150006e-01
6.709754030060739449e-01
6.771948054433610809e-01
6.831382186472347851e-01
6.901801276755487047e-01
6.780950936014438213e-01
6.603019799327655148e-01
6.421200936445998764e-01
6.431123133566357675e-01
6.518443586726145877e-01
6.796785185596794232e-01
7.078184584651595612e-01
7.258935942065339875e-01
6.914175340261309310e-01
6.739165668121839259e-01
6.804908907091653525e-01
6.529813522738190379e-01
6.297471635748539409e-01
6.232669094209619676e-01
6.141452654349114360e-01
5.804963756738065195e-01
5.413732754647665457e-01
5.333660022310257043e-01
5.538070838274633534e-01
5.479993297714318423e-01
5.319355981674566136e-01
5.051628530261514927e-01
4.818273057683485905e-01
4.726551767220112388e-01
5.661315305319660762e-01
6.201655617433267098e-01
6.480285264351151042e-01
6.576303611539657812e-01
6.547336699406088867e-01
6.721243946390615953e-01
6.560603577207182457e-01
6.346625142508828255e-01
6.325355605816098681e-01
6.299723745721240720e-01
6.465795891195346146e-01
6.766243931918048959e-01
7.070406014437211617e-01
7.049163409996993535e-01
6.742833495581699310e-01
6.711883197821804092e-01
6.779964130745829154e-01
6.473349931767030663e-01
6.382078544825617872e-01
6.352198610223760422e-01
6.218589433625761886e-01
5.933182661362441657e-01
5.602838090442674446e-01
5.645493917196494627e-01
5.843581366120979004e-01
5.780269434828473329e-01
5.558466275982244520e-01
5.227342222335613631e-01
4.973336086956614555e-01
4.808352821779195985e-01
5.708449399099400079e-01
6.019524375315896680e-01
6.265022937848763185e-01
6.335106960850253044e-01
6.415768154792523825e-01
6.493437030811677335e-01
6.252728726132532611e-01
6.147446374447513850e-01
6.261664308201736473e-01
6.339019963688454773e-01
6.417016269472278767e-01
6.658847327679615624e-01
6.891616716895972994e-01
6.862811353239618439e-01
6.622282592435336790e-01
6.527263279551677178e-01
6.581256710806012711e-01
6.385654660983828279e-01
6.487010017232037740e-01
6.418095111347482673e-01
6.360602138449440446e-01
6.138325822094745643e-01
5.928276638978003943e-01
5.844957968212579624e-01
5.854258986630316297e-01
5.816689857193807489e-01
5.493873798795448904e-01
5.232441579518625208e-01
4.947606860825129460e-01
4.668796194987981929e-01
5.918363906470018865e-01
6.130150353378688299e-01
6.227930402336587790e-01
6.262221112942253365e-01
6.326805940221870150e-01
6.387938228760442483e-01
6.232111289473065696e-01
6.266377429229703644e-01
6.292853087287157976e-01
6.328347293459691825e-01
6.449698708628786026e-01
6.669967736955555448e-01
6.810940411251639182e-01
6.753383877947495284e-01
6.494122846579117869e-01
6.380855257557551674e-01
6.357913969929900322e-01
6.419364713077647666e-01
6.543770576342183842e-01
6.458586595982537260e-01
6.392797478628117203e-01
6.207416275333321742e-01
6.105888109641713912e-01
6.003344017615250827e-01
5.973511052512020525e-01
5.788451958887550486e-01
5.590525223996259951e-01
5.285215656452317834e-01
5.049103789853061075e-01
4.587435243703833487e-01
5.752495915231613521e-01
6.195872097978802895e-01
6.311327999366346253e-01
6.329049466699334658e-01
6.352594759134061464e-01
6.410317795181010858e-01
6.467333790785970704e-01
6.354277936337202615e-01
6.423774494765270848e-01
6.458128403286853558e-01
6.457248936823686281e-01
6.628019718887222522e-01
6.748138945222229568e-01
6.759195014133687618e-01
6.630821898633192379e-01
6.387427687900650852e-01
6.301477183017472061e-01
6.357367908555129343e-01
6.517039037558207681e-01
6.534802582441684438e-01
6.320565393537026511e-01
6.297240054354026340e-01
6.143635668239650904e-01
6.057712792859550888e-01
6.086028511406076369e-01
5.803981728975006193e-01
5.525316624096751061e-01
5.281013265739424867e-01
5.006607464956051023e-01
4.607177405754044885e-01
5.726851354755123635e-01
6.188623938969848304e-01
6.438621722156485649e-01
6.544301165646345675e-01
6.523003704947503145e-01
6.554477168402726983e-01
6.614953569676754741e-01
6.674869858856078420e-01
6.506468993243392784e-01
6.542191838316468999e-01
6.600161170230144370e-01
6.672059988595562263e-01
6.800792204319111578e-01
6.737421480992749068e-01
6.567073623646787484e-01
6.420002226120002931e-01
6.168694714346043551e-01
6.298772434144783716e-01
6.427329970584729768e-01
6.367860356178238757e-01
6.316842297997234956e-01
6.300744960815821694e-01
6.318132178501586482e-01
6.232214387800762978e-01
6.289816380090242909e-01
5.917266535947521833e-01
5.660483250359737983e-01
5.466437101164002277e-01
5.125267779279770730e-01
4.727881502130409919e-01
6.085120310336316063e-01
6.323009991395202034e-01
6.469055222736793676e-01
6.458671639020503452e-01
6.490201200904431866e-01
6.547434441951270889e-01
6.736580888123486766e-01
6.646245690165224485e-01
6.610898167315907292e-01
6.420124908429705179e-01
6.440744555306183727e-01
6.632876654183618159e-01
6.556794283437649140e-01
6.488634567460490610e-01
6.442076596528948373e-01
6.508340964295499242e-01
6.268206127776313474e-01
6.322154439208930166e-01
6.251393547133904383e-01
6.240280849833065302e-01
6.294775104790137910e-01
6.288869198798686666e-01
6.416150870108076054e-01
6.363162128057318068e-01
6.281483294302709908e-01
6.205366639985672172e-01
6.005530004463922600e-01
5.486091979269795971e-01
5.044483932695301709e-01
4.798333639855276722e-01
6.217709497853528555e-01
6.318674789796890900e-01
6.340851868301158323e-01
6.232684384307385361e-01
6.328186466264967835e-01
6.451442088426165844e-01
6.660784349076361854e-01
6.634461683000325571e-01
6.535466291708366127e-01
6.532479178418333365e-01
6.466696405691483296e-01
6.527071454007918883e-01
6.446375637690956450e-01
6.335181145537623904e-01
6.446093563174757346e-01
6.575836876837440892e-01
6.368716218545473762e-01
6.251050083465583551e-01
6.217383257538360297e-01
6.112488135753979535e-01
6.244394724702231336e-01
6.328250865102673650e-01
6.418337678844283634e-01
6.461640247718888341e-01
6.352935661648222432e-01
6.276795533329652121e-01
6.009880132470933889e-01
5.556928893083854515e-01
5.175506525284935266e-01
4.860604367959677763e-01
6.337684568314796429e-01
6.255089649642370242e-01
6.166656026856148776e-01
6.172208229345272912e-01
6.227448938952108159e-01
6.286790098588483922e-01
6.262928422615349211e-01
6.459585971642993751e-01
6.562084468467870302e-01
6.695042094197694027e-01
6.672058702538832264e-01
6.532900803347069241e-01
6.372347883133966384e-01
6.358612913698492575e-01
6.519437241383794213e-01
6.432970288503874201e-01
6.301371525844585708e-01
6.262184246794948450e-01
6.123340368107310638e-01
6.028149382396379430e-01
6.088131168414049332e-01
6.235312659897740417e-01
6.240578044110368650e-01
6.333844736920819507e-01
6.255911723781094613e-01
5.954474133597025265e-01
5.761534588661150202e-01
5.401787361547861765e-01
4.968099365656019062e-01
4.785704655381800010e-01
6.402567250272943600e-01
6.207958032063437548e-01
6.087697560592756352e-01
6.022422298512638550e-01
6.256762981534276236e-01
6.285373255532279435e-01
6.198769498727295657e-01
6.481715486287291661e-01
6.627983356830645656e-01
6.848017218319818467e-01
6.774758763578694332e-01
6.566111461402164284e-01
6.514125797319056943e-01
6.266569138483979451e-01
6.477844471729455877e-01
6.545511127354816105e-01
6.553929654264590843e-01
6.345664952207245024e-01
6.054467773084787341e-01
6.109452418578312782e-01
6.183441333387839078e-01
6.235032350171146875e-01
6.137571014722615903e-01
6.102464460462018181e-01
5.957712176691568606e-01
5.717992181983997391e-01
5.586239848662870600e-01
5.210058569377004067e-01
4.781809959486420514e-01
4.576378077981142489e-01
6.361100292370993614e-01
6.166516056716223604e-01
6.186486609650702073e-01
6.064056943038519387e-01
6.095082638049114099e-01
6.283184197473427046e-01
6.294465898176868635e-01
6.470208913271527917e-01
6.655037224023697684e-01
6.856172313004853525e-01
6.987039079816306231e-01
6.704813218630950589e-01
6.581435390459817736e-01
6.371785456354098764e-01
6.401164600306489261e-01
6.337954519737556414e-01
6.558426528895406893e-01
6.443603844203088515e-01
6.263763061290598122e-01
6.295501251595690961e-01
6.258534351082575276e-01
6.209095758835833090e-01
6.009092965933212627e-01
5.866770706631617704e-01
5.605725424119454292e-01
5.495431843527243121e-01
5.223423343822723997e-01
4.987065452618639205e-01
4.699739733386109619e-01
4.373861066911101103e-01
